C51 COMPILER V9.60.0.0   BEEP                                                              12/29/2022 16:59:28 PAGE 1   


C51 COMPILER V9.60.0.0, COMPILATION OF MODULE BEEP
OBJECT MODULE PLACED IN .\list\beep.obj
COMPILER INVOKED BY: C:\keil\Keil C51\C51\BIN\C51.EXE SRC\beep.c LARGE OPTIMIZE(8,SPEED) BROWSE INCDIR(.\SRC) DEBUG OBJE
                    -CTEXTEND PRINT(.\list\beep.lst) TABS(2) OBJECT(.\list\beep.obj)

line level    source

   1          #include  "beep.h"
   2          
   3          /***********************************************************
   4          *@fuction :Beep
   5          *@brief   :驱动无源蜂鸣器
   6          *@param   :ON/OFF
   7          *@return  :void
   8          *@author  :--xptx
   9          *@date    :2022-10-02
  10          ***********************************************************/
  11          
  12          void Beep(bit x)
  13          {
  14   1          if(!x)  //打开蜂鸣器
  15   1          {
  16   2              TIM_InitTypeDef   TIM_InitStructure;            //结构定义
  17   2              TIM_InitStructure.TIM_Interrupt = ENABLE;         //中断是否允许,   ENABLE或DISABLE. (注意: Timer2固定为16
             -位自动重装, 中断固定为低优先级)
  18   2              TIM_InitStructure.TIM_ClkSource = TIM_CLOCK_1T;   //指定时钟源,     TIM_CLOCK_1T,TIM_CLOCK_12T,TIM_CLOC
             -K_Ext
  19   2              TIM_InitStructure.TIM_ClkOut    = DISABLE;        //是否输出高速脉冲, ENABLE或DISABLE
  20   2              TIM_InitStructure.TIM_Value     = 65536UL - (MAIN_Fosc / 8000UL);       //初值
  21   2              TIM_InitStructure.TIM_Run       = ENABLE;         //是否初始化后启动定时器, ENABLE或DISABLE
  22   2              Timer_Inilize(Timer2,&TIM_InitStructure);         //初始化Timer2    Timer0,Timer1,Timer2,Timer3,Timer4
  23   2          }
  24   1          else  if(x)//关闭蜂鸣器
  25   1          {
  26   2              TIM_InitTypeDef   TIM_InitStructure;            //结构定义      
  27   2              TIM_InitStructure.TIM_Interrupt = DISABLE;          //中断是否允许,   ENABLE或DISABLE. (注意: Timer2固定为1
             -6位自动重装, 中断固定为低优先级)
  28   2              TIM_InitStructure.TIM_ClkSource = TIM_CLOCK_1T;   //指定时钟源,     TIM_CLOCK_1T,TIM_CLOCK_12T,TIM_CLOC
             -K_Ext
  29   2              TIM_InitStructure.TIM_ClkOut    = DISABLE;        //是否输出高速脉冲, ENABLE或DISABLE
  30   2              TIM_InitStructure.TIM_Value     = 65536UL - (MAIN_Fosc / 8000UL);       //初值
  31   2              TIM_InitStructure.TIM_Run       = DISABLE;          //是否初始化后启动定时器, ENABLE或DISABLE
  32   2              Timer_Inilize(Timer2,&TIM_InitStructure);         //初始化Timer2    Timer0,Timer1,Timer2,Timer3,Timer4
  33   2              delay_ms(1);
  34   2              beep = 0;
  35   2          }
  36   1      
  37   1      }


MODULE INFORMATION:   STATIC OVERLAYABLE
   CODE SIZE        =     80    ----
   CONSTANT SIZE    =   ----    ----
   XDATA SIZE       =   ----       8
   PDATA SIZE       =   ----    ----
   DATA SIZE        =   ----    ----
   IDATA SIZE       =   ----    ----
   BIT SIZE         =   ----       1
END OF MODULE INFORMATION.


C51 COMPILATION COMPLETE.  0 WARNING(S),  0 ERROR(S)
