C51 COMPILER V9.60.0.0   DELAY                                                             12/29/2022 16:59:26 PAGE 1   


C51 COMPILER V9.60.0.0, COMPILATION OF MODULE DELAY
OBJECT MODULE PLACED IN .\list\delay.obj
COMPILER INVOKED BY: C:\keil\Keil C51\C51\BIN\C51.EXE delay.c LARGE OPTIMIZE(8,SPEED) BROWSE INCDIR(.\SRC) DEBUG OBJECTE
                    -XTEND PRINT(.\list\delay.lst) TABS(2) OBJECT(.\list\delay.obj)

line level    source

   1          /*---------------------------------------------------------------------*/
   2          /* --- STC MCU Limited ------------------------------------------------*/
   3          /* --- STC 1T Series MCU Demo Programme -------------------------------*/
   4          /* --- Mobile: (86)13922805190 ----------------------------------------*/
   5          /* --- Fax: 86-0513-55012956,55012947,55012969 ------------------------*/
   6          /* --- Tel: 86-0513-55012928,55012929,55012966 ------------------------*/
   7          /* --- Web: www.STCMCU.com --------------------------------------------*/
   8          /* --- Web: www.STCMCUDATA.com  ---------------------------------------*/
   9          /* --- QQ:  800003751 -------------------------------------------------*/
  10          /* 如果要在程序中使用此代码,请在程序中注明使用了STC的资料及程序        */
  11          /*---------------------------------------------------------------------*/
  12          
  13          /***************  功能说明  ****************
  14          
  15          本文件为STC8系列的延时程序,用户几乎可以不修改这个程序.
  16          
  17          ******************************************/
  18          
  19          #include  "delay.h"
  20          
  21          //========================================================================
  22          // 函数: void delay_ms(unsigned char ms)
  23          // 描述: 延时函数。
  24          // 参数: ms,要延时的ms数, 这里只支持1~255ms. 自动适应主时钟.
  25          // 返回: none.
  26          // 版本: VER1.0
  27          // 日期: 2021-3-9
  28          // 备注: 
  29          //========================================================================
  30          void delay_ms(unsigned int ms)
  31          {
  32   1        unsigned int i;
  33   1        do{
  34   2          i = MAIN_Fosc / 10000;
  35   2          while(--i);
  36   2          }while(--ms);
  37   1      }


MODULE INFORMATION:   STATIC OVERLAYABLE
   CODE SIZE        =     23    ----
   CONSTANT SIZE    =   ----    ----
   XDATA SIZE       =   ----    ----
   PDATA SIZE       =   ----    ----
   DATA SIZE        =   ----    ----
   IDATA SIZE       =   ----    ----
   BIT SIZE         =   ----    ----
END OF MODULE INFORMATION.


C51 COMPILATION COMPLETE.  0 WARNING(S),  0 ERROR(S)
