C51 COMPILER V9.60.0.0   KEY                                                               12/29/2022 16:59:28 PAGE 1   


C51 COMPILER V9.60.0.0, COMPILATION OF MODULE KEY
OBJECT MODULE PLACED IN .\list\key.obj
COMPILER INVOKED BY: C:\keil\Keil C51\C51\BIN\C51.EXE SRC\key.c LARGE OPTIMIZE(8,SPEED) BROWSE INCDIR(.\SRC) DEBUG OBJEC
                    -TEXTEND PRINT(.\list\key.lst) TABS(2) OBJECT(.\list\key.obj)

line level    source

   1          #include "key.h"
   2          
   3          /****按键控制函数****/
   4          
   5          
   6          u8 key_mode(void)
   7          {
   8   1          u16 i = 0; //临时变量
   9   1        Beep(ON);
  10   1          while(!k2) //检测到按键按下，进入循环
  11   1          {
  12   2              delay_ms(1);
  13   2              i++;  //开始计时
  14   2          }Beep(OFF);
  15   1          if(i > 10 && i < 500) return 1; //检测到短按
  16   1          else if(i > 500)      return 2;  //检测到长按
  17   1          else return 0;
  18   1      }
  19          
  20          
  21          u8 key_add(void)
  22          {
  23   1          u16 i = 0; //临时变量
  24   1          static u8 r;
  25   1          Beep(ON);
  26   1          while(!k3) //检测到按键按下，进入循环
  27   1          {
  28   2              delay_ms(1);
  29   2              i++;  //开始计时
  30   2            //if(i>1500) break;
  31   2          }Beep(OFF);
  32   1            
  33   1          if(i > 10 && i < 500) r=1; //检测到短按
  34   1          else if(i > 500)      r=2;   //检测到长按
  35   1          else r=0;
  36   1      //    if(i>0) data_send(r);  //4位数据发送
  37   1            return r;   
  38   1      }
  39          
  40          u8 key_lessen(void)
  41          {
  42   1          u16 i = 0; //临时变量
  43   1          u8 r;
  44   1          Beep(ON);
  45   1          while(!k1) //检测到按键按下，进入循环
  46   1          {
  47   2              delay_ms(1);
  48   2              i++;  //开始计时
  49   2                  //if(i>1500) break;
  50   2          }Beep(OFF);
  51   1          if(i > 10 && i < 500) r= 1; //检测到短按
  52   1          else if(i > 500)      r= 2;  //检测到长按
  53   1          else r=0; 
  54   1              //if(i>0) data_send(r);  //4位数据发送
C51 COMPILER V9.60.0.0   KEY                                                               12/29/2022 16:59:28 PAGE 2   

  55   1            return r;
  56   1      }


MODULE INFORMATION:   STATIC OVERLAYABLE
   CODE SIZE        =    295    ----
   CONSTANT SIZE    =   ----    ----
   XDATA SIZE       =      1       7
   PDATA SIZE       =   ----    ----
   DATA SIZE        =   ----    ----
   IDATA SIZE       =   ----    ----
   BIT SIZE         =   ----    ----
END OF MODULE INFORMATION.


C51 COMPILATION COMPLETE.  0 WARNING(S),  0 ERROR(S)
